<?xml version="1.0" encoding="UTF-8"?>
<!-- Generated by org.testng.reporters.JUnitReportReporter -->
<testsuite skipped="0" hostname="DESKTOP-HUJ3RCU" name="ScreenShot" tests="1" failures="0" timestamp="24 Sep 2018 15:07:53 GMT" time="4.529" errors="0">
  <testcase name="test" time="4.529" classname="ScreenShot"/>
</testsuite> <!-- ScreenShot -->
