<?xml version="1.0" encoding="UTF-8"?>
<!-- Generated by org.testng.reporters.JUnitReportReporter -->
<testsuite skipped="0" hostname="DESKTOP-HUJ3RCU" name="POM.NewTest" tests="1" failures="0" timestamp="25 Apr 2019 13:40:40 GMT" time="25.527" errors="0">
  <testcase name="f" time="25.527" classname="POM.NewTest"/>
</testsuite> <!-- POM.NewTest -->
