<?xml version="1.0" encoding="UTF-8"?>
<!-- Generated by org.testng.reporters.JUnitReportReporter -->
<testsuite skipped="0" hostname="DESKTOP-HUJ3RCU" name="Logintest" tests="1" failures="0" timestamp="15 Sep 2018 07:43:23 GMT" time="19.031" errors="0">
  <testcase name="f1" time="19.031" classname="Logintest"/>
</testsuite> <!-- Logintest -->
