<?xml version="1.0" encoding="UTF-8"?>
<!-- Generated by org.testng.reporters.JUnitReportReporter -->
<testsuite skipped="0" hostname="DESKTOP-HUJ3RCU" name="Windowhandleing" tests="1" failures="0" timestamp="15 May 2019 11:47:50 GMT" time="50.726" errors="0">
  <testcase name="testMultipleWindows" time="50.726" classname="Windowhandleing"/>
</testsuite> <!-- Windowhandleing -->
