<?xml version="1.0" encoding="UTF-8"?>
<!-- Generated by org.testng.reporters.JUnitReportReporter -->
<testsuite skipped="0" hostname="DESKTOP-HUJ3RCU" name="ScreenshotFailedCases" tests="1" failures="0" timestamp="24 Sep 2018 17:20:29 GMT" time="0.582" errors="0">
  <testcase name="Test" time="0.582" classname="ScreenshotFailedCases"/>
</testsuite> <!-- ScreenshotFailedCases -->
